  Performing full C++ include scan (hot reloading a new target)
  Creating makefile for hot reloading River_SplinesEditor (no existing makefile)
  Compiling game modules for hot reload
  Using Visual Studio 2017 14.21.27702 toolchain (C:\Program Files (x86)\Microsoft Visual Studio\2019\Community\VC\Tools\MSVC\14.21.27702) and Windows 10.0.17763.0 SDK (C:\Program Files (x86)\Windows Kits\10).
C:\Users\Kyle\Documents\Unreal Projects\River_Splines_Backup\Plugins\VRExpansionPlugin\OpenVRExpansionPlugin\Source\OpenVRExpansionPlugin\OpenVRExpansionPlugin.Build.cs : warning : Modules must specify an explicit precompiled header (eg. PrivatePCHHeaderFile = "Public/OpenVRExpansionFunctionLibrary.h") from UE 4.21 onwards.
C:\Users\Kyle\Documents\Unreal Projects\River_Splines_Backup\Plugins\VRExpansionPlugin\VRExpansionPlugin\Source\VRExpansionPlugin\VRExpansionPlugin.Build.cs : warning : Modules must specify an explicit precompiled header (eg. PrivatePCHHeaderFile = "Public/GripMotionControllerComponent.h") from UE 4.21 onwards.
C:\Users\Kyle\Documents\Unreal Projects\River_Splines_Backup\Source\River_Splines\River_Splines.Build.cs : warning : Modules must specify an explicit precompiled header (eg. PrivatePCHHeaderFile = "MyClass.h") from UE 4.21 onwards.
  Parsing headers for River_SplinesEditor
    Running UnrealHeaderTool "C:\Users\Kyle\Documents\Unreal Projects\River_Splines_Backup\River_Splines_Backup.uproject" "C:\Users\Kyle\Documents\Unreal Projects\River_Splines_Backup\Intermediate\Build\Win64\River_SplinesEditor\Development\River_SplinesEditor.uhtmanifest" -LogCmds="loginit warning, logexit warning, logdatabase error" -Unattended -WarningsAsErrors -installed
  Reflection code generated for River_SplinesEditor in 38.429146 seconds
  Building 28 actions with 6 processes...
    [1/28] PCLaunch.rc
    [2/28] PCLaunch.rc
    [3/28] PCLaunch.rc
    [4/28] SharedPCH.UnrealEd.cpp
    Detected compiler newer than Visual Studio 2017, please update min version checking in WindowsPlatformCompilerSetup.h
    [5/28] SharedPCH.Engine.cpp
    Detected compiler newer than Visual Studio 2017, please update min version checking in WindowsPlatformCompilerSetup.h
    [6/28] MyClass.cpp
    [7/28] Module.VRExpansionPlugin.gen.3_of_10.cpp
    [8/28] Module.VRExpansionPlugin.gen.8_of_10.cpp
    [9/28] Module.VRExpansionPlugin.gen.7_of_10.cpp
    [10/28] Module.VRExpansionPlugin.gen.6_of_10.cpp
    [11/28] Module.VRExpansionPlugin.gen.5_of_10.cpp
    [12/28] Module.VRExpansionPlugin.gen.9_of_10.cpp
    [13/28] Module.VRExpansionPlugin.gen.4_of_10.cpp
    [14/28] Module.OpenVRExpansionPlugin.gen.cpp
    [15/28] Module.VRExpansionPlugin.gen.1_of_10.cpp
    [16/28] River_Splines.cpp
    [17/28] UE4Editor-River_Splines-4654.lib
       Creating library C:\Users\Kyle\Documents\Unreal Projects\River_Splines_Backup\Intermediate\Build\Win64\UE4Editor\Development\River_Splines\UE4Editor-River_Splines-4654.lib and object C:\Users\Kyle\Documents\Unreal Projects\River_Splines_Backup\Intermediate\Build\Win64\UE4Editor\Development\River_Splines\UE4Editor-River_Splines-4654.exp
    [18/28] Module.OpenVRExpansionPlugin.cpp
    [19/28] UE4Editor-OpenVRExpansionPlugin-8405.lib
       Creating library C:\Users\Kyle\Documents\Unreal Projects\River_Splines_Backup\Plugins\VRExpansionPlugin\OpenVRExpansionPlugin\Intermediate\Build\Win64\UE4Editor\Development\OpenVRExpansionPlugin\UE4Editor-OpenVRExpansionPlugin-8405.lib and object C:\Users\Kyle\Documents\Unreal Projects\River_Splines_Backup\Plugins\VRExpansionPlugin\OpenVRExpansionPlugin\Intermediate\Build\Win64\UE4Editor\Development\OpenVRExpansionPlugin\UE4Editor-OpenVRExpansionPlugin-8405.exp
    [20/28] UE4Editor-OpenVRExpansionPlugin-8405.dll
       Creating library C:\Users\Kyle\Documents\Unreal Projects\River_Splines_Backup\Plugins\VRExpansionPlugin\OpenVRExpansionPlugin\Intermediate\Build\Win64\UE4Editor\Development\OpenVRExpansionPlugin\UE4Editor-OpenVRExpansionPlugin-8405.suppressed.lib and object C:\Users\Kyle\Documents\Unreal Projects\River_Splines_Backup\Plugins\VRExpansionPlugin\OpenVRExpansionPlugin\Intermediate\Build\Win64\UE4Editor\Development\OpenVRExpansionPlugin\UE4Editor-OpenVRExpansionPlugin-8405.suppressed.exp
    [21/28] Module.VRExpansionPlugin.gen.2_of_10.cpp
    [22/28] UE4Editor-River_Splines-4654.dll
       Creating library C:\Users\Kyle\Documents\Unreal Projects\River_Splines_Backup\Intermediate\Build\Win64\UE4Editor\Development\River_Splines\UE4Editor-River_Splines-4654.suppressed.lib and object C:\Users\Kyle\Documents\Unreal Projects\River_Splines_Backup\Intermediate\Build\Win64\UE4Editor\Development\River_Splines\UE4Editor-River_Splines-4654.suppressed.exp
    [23/28] Module.VRExpansionPlugin.gen.10_of_10.cpp
    [24/28] Module.VRExpansionPlugin.3_of_3.cpp
    [25/28] Module.VRExpansionPlugin.2_of_3.cpp
    [26/28] Module.VRExpansionPlugin.1_of_3.cpp
    [27/28] UE4Editor-VRExpansionPlugin-5262.lib
       Creating library C:\Users\Kyle\Documents\Unreal Projects\River_Splines_Backup\Plugins\VRExpansionPlugin\VRExpansionPlugin\Intermediate\Build\Win64\UE4Editor\Development\VRExpansionPlugin\UE4Editor-VRExpansionPlugin-5262.lib and object C:\Users\Kyle\Documents\Unreal Projects\River_Splines_Backup\Plugins\VRExpansionPlugin\VRExpansionPlugin\Intermediate\Build\Win64\UE4Editor\Development\VRExpansionPlugin\UE4Editor-VRExpansionPlugin-5262.exp
    [28/28] UE4Editor-VRExpansionPlugin-5262.dll
       Creating library C:\Users\Kyle\Documents\Unreal Projects\River_Splines_Backup\Plugins\VRExpansionPlugin\VRExpansionPlugin\Intermediate\Build\Win64\UE4Editor\Development\VRExpansionPlugin\UE4Editor-VRExpansionPlugin-5262.suppressed.lib and object C:\Users\Kyle\Documents\Unreal Projects\River_Splines_Backup\Plugins\VRExpansionPlugin\VRExpansionPlugin\Intermediate\Build\Win64\UE4Editor\Development\VRExpansionPlugin\UE4Editor-VRExpansionPlugin-5262.suppressed.exp
  Deploying River_SplinesEditor Win64 Development...
  Total build time: 254.34 seconds (Parallel executor: 131.04 seconds)
